<?xml version="1.0" encoding="UTF-8"?>
<testng-results ignored="0" total="1" passed="1" failed="0" skipped="0">
  <reporter-output>
  </reporter-output>
  <suite started-at="2023-09-30T08:50:42 IST" name="Default suite" finished-at="2023-09-30T08:51:19 IST" duration-ms="36461">
    <groups>
    </groups>
    <test started-at="2023-09-30T08:50:42 IST" name="Default test" finished-at="2023-09-30T08:51:19 IST" duration-ms="36461">
      <class name="Pages.TestNg.crm.HomePageTest">
        <test-method is-config="true" signature="setup()[pri:0, instance:Pages.TestNg.crm.HomePageTest@543295b0]" started-at="2023-09-30T08:50:42 IST" name="setup" finished-at="2023-09-30T08:51:15 IST" duration-ms="32953" status="PASS">
          <reporter-output>
          </reporter-output>
        </test-method> <!-- setup -->
        <test-method signature="clickOnContactLink()[pri:0, instance:Pages.TestNg.crm.HomePageTest@543295b0]" started-at="2023-09-30T08:51:15 IST" name="clickOnContactLink" finished-at="2023-09-30T08:51:19 IST" duration-ms="3403" status="PASS">
          <reporter-output>
          </reporter-output>
        </test-method> <!-- clickOnContactLink -->
      </class> <!-- Pages.TestNg.crm.HomePageTest -->
    </test> <!-- Default test -->
  </suite> <!-- Default suite -->
</testng-results>
