<?xml version="1.0" encoding="UTF-8"?>
<testng-results ignored="0" total="1" passed="1" failed="0" skipped="0">
  <reporter-output>
  </reporter-output>
  <suite started-at="2023-09-27T13:02:47 IST" name="Default suite" finished-at="2023-09-27T13:03:18 IST" duration-ms="30756">
    <groups>
    </groups>
    <test started-at="2023-09-27T13:02:47 IST" name="Default test" finished-at="2023-09-27T13:03:18 IST" duration-ms="30756">
      <class name="Pages.TestNg.crm.HomePageTest">
        <test-method is-config="true" signature="setup()[pri:0, instance:Pages.TestNg.crm.HomePageTest@17f62e33]" started-at="2023-09-27T13:02:47 IST" name="setup" finished-at="2023-09-27T13:03:15 IST" duration-ms="27921" status="PASS">
          <reporter-output>
          </reporter-output>
        </test-method> <!-- setup -->
        <test-method signature="clickOnContactLink()[pri:0, instance:Pages.TestNg.crm.HomePageTest@17f62e33]" started-at="2023-09-27T13:03:15 IST" name="clickOnContactLink" finished-at="2023-09-27T13:03:18 IST" duration-ms="2725" status="PASS">
          <reporter-output>
          </reporter-output>
        </test-method> <!-- clickOnContactLink -->
      </class> <!-- Pages.TestNg.crm.HomePageTest -->
    </test> <!-- Default test -->
  </suite> <!-- Default suite -->
</testng-results>
